\BOOKMARK [0][-]{chapter.1}{\376\377\0001\000\040\000C\000l\000a\000s\000s\000\040\000I\000n\000d\000e\000x}{}% 1
\BOOKMARK [1][-]{section.1.1}{\376\377\0001\000.\0001\000\040\000C\000l\000a\000s\000s\000\040\000L\000i\000s\000t}{chapter.1}% 2
\BOOKMARK [0][-]{chapter.2}{\376\377\0002\000\040\000F\000i\000l\000e\000\040\000I\000n\000d\000e\000x}{}% 3
\BOOKMARK [1][-]{section.2.1}{\376\377\0002\000.\0001\000\040\000F\000i\000l\000e\000\040\000L\000i\000s\000t}{chapter.2}% 4
\BOOKMARK [0][-]{chapter.3}{\376\377\0003\000\040\000C\000l\000a\000s\000s\000\040\000D\000o\000c\000u\000m\000e\000n\000t\000a\000t\000i\000o\000n}{}% 5
\BOOKMARK [1][-]{section.3.1}{\376\377\0003\000.\0001\000\040\000G\000h\000o\000t\000i\000:\000:\000W\000a\000v\000e\000:\000:\000C\000l\000i\000e\000n\000t\000\040\000C\000l\000a\000s\000s\000\040\000R\000e\000f\000e\000r\000e\000n\000c\000e}{chapter.3}% 6
\BOOKMARK [2][-]{subsection.3.1.1}{\376\377\0003\000.\0001\000.\0001\000\040\000D\000e\000t\000a\000i\000l\000e\000d\000\040\000D\000e\000s\000c\000r\000i\000p\000t\000i\000o\000n}{section.3.1}% 7
\BOOKMARK [2][-]{subsection.3.1.2}{\376\377\0003\000.\0001\000.\0002\000\040\000M\000e\000m\000b\000e\000r\000\040\000F\000u\000n\000c\000t\000i\000o\000n\000\040\000D\000o\000c\000u\000m\000e\000n\000t\000a\000t\000i\000o\000n}{section.3.1}% 8
\BOOKMARK [3][-]{subsubsection.3.1.2.1}{\376\377\0003\000.\0001\000.\0002\000.\0001\000\040\000d\000i\000s\000p\000a\000t\000c\000h\000L\000o\000o\000p\000\050\000\051}{subsection.3.1.2}% 9
\BOOKMARK [3][-]{subsubsection.3.1.2.2}{\376\377\0003\000.\0001\000.\0002\000.\0002\000\040\000i\000s\000R\000u\000n\000n\000i\000n\000g\000\050\000\051}{subsection.3.1.2}% 10
\BOOKMARK [3][-]{subsubsection.3.1.2.3}{\376\377\0003\000.\0001\000.\0002\000.\0003\000\040\000s\000e\000n\000d\000R\000e\000q\000u\000e\000s\000t\000\050\000\051}{subsection.3.1.2}% 11
\BOOKMARK [3][-]{subsubsection.3.1.2.4}{\376\377\0003\000.\0001\000.\0002\000.\0004\000\040\000s\000t\000a\000r\000t\000\050\000\051}{subsection.3.1.2}% 12
\BOOKMARK [3][-]{subsubsection.3.1.2.5}{\376\377\0003\000.\0001\000.\0002\000.\0005\000\040\000s\000t\000o\000p\000\050\000\051}{subsection.3.1.2}% 13
\BOOKMARK [2][-]{subsection.3.1.3}{\376\377\0003\000.\0001\000.\0003\000\040\000M\000e\000m\000b\000e\000r\000\040\000D\000a\000t\000a\000\040\000D\000o\000c\000u\000m\000e\000n\000t\000a\000t\000i\000o\000n}{section.3.1}% 14
\BOOKMARK [3][-]{subsubsection.3.1.3.1}{\376\377\0003\000.\0001\000.\0003\000.\0001\000\040\000d\000o\000m\000a\000i\000n\000s}{subsection.3.1.3}% 15
\BOOKMARK [1][-]{section.3.2}{\376\377\0003\000.\0002\000\040\000G\000h\000o\000t\000i\000:\000:\000W\000a\000v\000e\000:\000:\000C\000l\000i\000e\000n\000t\000S\000e\000s\000s\000i\000o\000n\000\040\000C\000l\000a\000s\000s\000\040\000R\000e\000f\000e\000r\000e\000n\000c\000e}{chapter.3}% 16
\BOOKMARK [2][-]{subsection.3.2.1}{\376\377\0003\000.\0002\000.\0001\000\040\000D\000e\000t\000a\000i\000l\000e\000d\000\040\000D\000e\000s\000c\000r\000i\000p\000t\000i\000o\000n}{section.3.2}% 17
\BOOKMARK [2][-]{subsection.3.2.2}{\376\377\0003\000.\0002\000.\0002\000\040\000C\000o\000n\000s\000t\000r\000u\000c\000t\000o\000r\000\040\000\046\000\040\000D\000e\000s\000t\000r\000u\000c\000t\000o\000r\000\040\000D\000o\000c\000u\000m\000e\000n\000t\000a\000t\000i\000o\000n}{section.3.2}% 18
\BOOKMARK [3][-]{subsubsection.3.2.2.1}{\376\377\0003\000.\0002\000.\0002\000.\0001\000\040\000C\000l\000i\000e\000n\000t\000S\000e\000s\000s\000i\000o\000n\000\050\000\051}{subsection.3.2.2}% 19
\BOOKMARK [2][-]{subsection.3.2.3}{\376\377\0003\000.\0002\000.\0003\000\040\000M\000e\000m\000b\000e\000r\000\040\000F\000u\000n\000c\000t\000i\000o\000n\000\040\000D\000o\000c\000u\000m\000e\000n\000t\000a\000t\000i\000o\000n}{section.3.2}% 20
\BOOKMARK [3][-]{subsubsection.3.2.3.1}{\376\377\0003\000.\0002\000.\0003\000.\0001\000\040\000e\000n\000q\000u\000e\000u\000e\000\050\000\051}{subsection.3.2.3}% 21
\BOOKMARK [3][-]{subsubsection.3.2.3.2}{\376\377\0003\000.\0002\000.\0003\000.\0002\000\040\000h\000a\000s\000R\000e\000a\000d\000D\000a\000t\000a\000W\000a\000i\000t\000i\000n\000g\000\050\000\051}{subsection.3.2.3}% 22
\BOOKMARK [3][-]{subsubsection.3.2.3.3}{\376\377\0003\000.\0002\000.\0003\000.\0003\000\040\000h\000a\000s\000W\000r\000i\000t\000e\000D\000a\000t\000a\000W\000a\000i\000t\000i\000n\000g\000\050\000\051}{subsection.3.2.3}% 23
\BOOKMARK [3][-]{subsubsection.3.2.3.4}{\376\377\0003\000.\0002\000.\0003\000.\0004\000\040\000i\000s\000F\000i\000n\000i\000s\000h\000e\000d\000\050\000\051}{subsection.3.2.3}% 24
\BOOKMARK [3][-]{subsubsection.3.2.3.5}{\376\377\0003\000.\0002\000.\0003\000.\0005\000\040\000r\000e\000a\000d\000\050\000\051}{subsection.3.2.3}% 25
\BOOKMARK [3][-]{subsubsection.3.2.3.6}{\376\377\0003\000.\0002\000.\0003\000.\0006\000\040\000w\000r\000i\000t\000e\000\050\000\051}{subsection.3.2.3}% 26
\BOOKMARK [2][-]{subsection.3.2.4}{\376\377\0003\000.\0002\000.\0004\000\040\000M\000e\000m\000b\000e\000r\000\040\000D\000a\000t\000a\000\040\000D\000o\000c\000u\000m\000e\000n\000t\000a\000t\000i\000o\000n}{section.3.2}% 27
\BOOKMARK [3][-]{subsubsection.3.2.4.1}{\376\377\0003\000.\0002\000.\0004\000.\0001\000\040\000m\000e\000s\000s\000a\000g\000e\000s}{subsection.3.2.4}% 28
\BOOKMARK [3][-]{subsubsection.3.2.4.2}{\376\377\0003\000.\0002\000.\0004\000.\0002\000\040\000r\000e\000a\000d\000S\000e\000q\000u\000e\000n\000c\000e}{subsection.3.2.4}% 29
\BOOKMARK [3][-]{subsubsection.3.2.4.3}{\376\377\0003\000.\0002\000.\0004\000.\0003\000\040\000r\000e\000q\000u\000e\000s\000t\000S\000e\000q\000u\000e\000n\000c\000e}{subsection.3.2.4}% 30
\BOOKMARK [3][-]{subsubsection.3.2.4.4}{\376\377\0003\000.\0002\000.\0004\000.\0004\000\040\000w\000r\000i\000t\000e\000S\000e\000q\000u\000e\000n\000c\000e}{subsection.3.2.4}% 31
\BOOKMARK [1][-]{section.3.3}{\376\377\0003\000.\0003\000\040\000G\000h\000o\000t\000i\000:\000:\000W\000a\000v\000e\000:\000:\000M\000e\000s\000s\000a\000g\000e\000\040\000C\000l\000a\000s\000s\000\040\000R\000e\000f\000e\000r\000e\000n\000c\000e}{chapter.3}% 32
\BOOKMARK [2][-]{subsection.3.3.1}{\376\377\0003\000.\0003\000.\0001\000\040\000D\000e\000t\000a\000i\000l\000e\000d\000\040\000D\000e\000s\000c\000r\000i\000p\000t\000i\000o\000n}{section.3.3}% 33
\BOOKMARK [2][-]{subsection.3.3.2}{\376\377\0003\000.\0003\000.\0002\000\040\000M\000e\000m\000b\000e\000r\000\040\000E\000n\000u\000m\000e\000r\000a\000t\000i\000o\000n\000\040\000D\000o\000c\000u\000m\000e\000n\000t\000a\000t\000i\000o\000n}{section.3.3}% 34
\BOOKMARK [3][-]{subsubsection.3.3.2.1}{\376\377\0003\000.\0003\000.\0002\000.\0001\000\040\000T\000y\000p\000e}{subsection.3.3.2}% 35
\BOOKMARK [2][-]{subsection.3.3.3}{\376\377\0003\000.\0003\000.\0003\000\040\000C\000o\000n\000s\000t\000r\000u\000c\000t\000o\000r\000\040\000\046\000\040\000D\000e\000s\000t\000r\000u\000c\000t\000o\000r\000\040\000D\000o\000c\000u\000m\000e\000n\000t\000a\000t\000i\000o\000n}{section.3.3}% 36
\BOOKMARK [3][-]{subsubsection.3.3.3.1}{\376\377\0003\000.\0003\000.\0003\000.\0001\000\040\000M\000e\000s\000s\000a\000g\000e\000\050\000\051}{subsection.3.3.3}% 37
\BOOKMARK [2][-]{subsection.3.3.4}{\376\377\0003\000.\0003\000.\0004\000\040\000M\000e\000m\000b\000e\000r\000\040\000F\000u\000n\000c\000t\000i\000o\000n\000\040\000D\000o\000c\000u\000m\000e\000n\000t\000a\000t\000i\000o\000n}{section.3.3}% 38
\BOOKMARK [3][-]{subsubsection.3.3.4.1}{\376\377\0003\000.\0003\000.\0004\000.\0001\000\040\000a\000d\000d\000F\000i\000e\000l\000d\000V\000a\000l\000u\000e\000\050\000\051}{subsection.3.3.4}% 39
\BOOKMARK [3][-]{subsubsection.3.3.4.2}{\376\377\0003\000.\0003\000.\0004\000.\0002\000\040\000a\000d\000o\000p\000t\000C\000o\000n\000t\000e\000n\000t\000s\000\050\000\051}{subsection.3.3.4}% 40
\BOOKMARK [3][-]{subsubsection.3.3.4.3}{\376\377\0003\000.\0003\000.\0004\000.\0003\000\040\000g\000e\000t\000C\000o\000n\000t\000e\000n\000t\000L\000e\000n\000g\000t\000h\000\050\000\051}{subsection.3.3.4}% 41
\BOOKMARK [3][-]{subsubsection.3.3.4.4}{\376\377\0003\000.\0003\000.\0004\000.\0004\000\040\000g\000e\000t\000D\000o\000m\000a\000i\000n\000\050\000\051}{subsection.3.3.4}% 42
\BOOKMARK [3][-]{subsubsection.3.3.4.5}{\376\377\0003\000.\0003\000.\0004\000.\0005\000\040\000g\000e\000t\000F\000i\000e\000l\000d\000s\000\050\000\051}{subsection.3.3.4}% 43
\BOOKMARK [3][-]{subsubsection.3.3.4.6}{\376\377\0003\000.\0003\000.\0004\000.\0006\000\040\000g\000e\000t\000I\000d\000\050\000\051}{subsection.3.3.4}% 44
\BOOKMARK [3][-]{subsubsection.3.3.4.7}{\376\377\0003\000.\0003\000.\0004\000.\0007\000\040\000g\000e\000t\000M\000e\000s\000s\000a\000g\000e\000\050\000\051}{subsection.3.3.4}% 45
\BOOKMARK [3][-]{subsubsection.3.3.4.8}{\376\377\0003\000.\0003\000.\0004\000.\0008\000\040\000g\000e\000t\000M\000e\000s\000s\000a\000g\000e\000B\000o\000d\000y\000\050\000\051}{subsection.3.3.4}% 46
\BOOKMARK [3][-]{subsubsection.3.3.4.9}{\376\377\0003\000.\0003\000.\0004\000.\0009\000\040\000g\000e\000t\000M\000e\000t\000h\000o\000d\000\050\000\051}{subsection.3.3.4}% 47
\BOOKMARK [3][-]{subsubsection.3.3.4.10}{\376\377\0003\000.\0003\000.\0004\000.\0001\0000\000\040\000g\000e\000t\000P\000o\000r\000t\000\050\000\051}{subsection.3.3.4}% 48
\BOOKMARK [3][-]{subsubsection.3.3.4.11}{\376\377\0003\000.\0003\000.\0004\000.\0001\0001\000\040\000g\000e\000t\000R\000e\000a\000d\000y\000F\000u\000t\000u\000r\000e\000\050\000\051}{subsection.3.3.4}% 49
\BOOKMARK [3][-]{subsubsection.3.3.4.12}{\376\377\0003\000.\0003\000.\0004\000.\0001\0002\000\040\000g\000e\000t\000R\000e\000n\000d\000e\000r\000e\000d\000H\000e\000a\000d\000e\000r\0001\000\050\000\051}{subsection.3.3.4}% 50
\BOOKMARK [3][-]{subsubsection.3.3.4.13}{\376\377\0003\000.\0003\000.\0004\000.\0001\0003\000\040\000g\000e\000t\000S\000t\000a\000t\000u\000s\000C\000o\000d\000e\000\050\000\051}{subsection.3.3.4}% 51
\BOOKMARK [3][-]{subsubsection.3.3.4.14}{\376\377\0003\000.\0003\000.\0004\000.\0001\0004\000\040\000g\000e\000t\000T\000a\000r\000g\000e\000t\000\050\000\051}{subsection.3.3.4}% 52
\BOOKMARK [3][-]{subsubsection.3.3.4.15}{\376\377\0003\000.\0003\000.\0004\000.\0001\0005\000\040\000g\000e\000t\000T\000y\000p\000e\000\050\000\051}{subsection.3.3.4}% 53
\BOOKMARK [3][-]{subsubsection.3.3.4.16}{\376\377\0003\000.\0003\000.\0004\000.\0001\0006\000\040\000g\000e\000t\000V\000e\000r\000s\000i\000o\000n\000\050\000\051}{subsection.3.3.4}% 54
\BOOKMARK [3][-]{subsubsection.3.3.4.17}{\376\377\0003\000.\0003\000.\0004\000.\0001\0007\000\040\000h\000a\000s\000E\000r\000r\000o\000r\000\050\000\051}{subsection.3.3.4}% 55
\BOOKMARK [3][-]{subsubsection.3.3.4.18}{\376\377\0003\000.\0003\000.\0004\000.\0001\0008\000\040\000s\000e\000t\000D\000o\000m\000a\000i\000n\000\050\000\051}{subsection.3.3.4}% 56
\BOOKMARK [3][-]{subsubsection.3.3.4.19}{\376\377\0003\000.\0003\000.\0004\000.\0001\0009\000\040\000s\000e\000t\000E\000r\000r\000o\000r\000M\000e\000s\000s\000a\000g\000e\000\050\000\051}{subsection.3.3.4}% 57
\BOOKMARK [3][-]{subsubsection.3.3.4.20}{\376\377\0003\000.\0003\000.\0004\000.\0002\0000\000\040\000s\000e\000t\000I\000d\000\050\000\051}{subsection.3.3.4}% 58
\BOOKMARK [3][-]{subsubsection.3.3.4.21}{\376\377\0003\000.\0003\000.\0004\000.\0002\0001\000\040\000s\000e\000t\000M\000e\000s\000s\000a\000g\000e\000\050\000\051}{subsection.3.3.4}% 59
\BOOKMARK [3][-]{subsubsection.3.3.4.22}{\376\377\0003\000.\0003\000.\0004\000.\0002\0002\000\040\000s\000e\000t\000M\000e\000s\000s\000a\000g\000e\000B\000o\000d\000y\000\050\000\051}{subsection.3.3.4}% 60
\BOOKMARK [3][-]{subsubsection.3.3.4.23}{\376\377\0003\000.\0003\000.\0004\000.\0002\0003\000\040\000s\000e\000t\000M\000e\000t\000h\000o\000d\000\050\000\051}{subsection.3.3.4}% 61
\BOOKMARK [3][-]{subsubsection.3.3.4.24}{\376\377\0003\000.\0003\000.\0004\000.\0002\0004\000\040\000s\000e\000t\000P\000o\000r\000t\000\050\000\051}{subsection.3.3.4}% 62
\BOOKMARK [3][-]{subsubsection.3.3.4.25}{\376\377\0003\000.\0003\000.\0004\000.\0002\0005\000\040\000s\000e\000t\000R\000e\000a\000d\000y\000\050\000\051}{subsection.3.3.4}% 63
\BOOKMARK [3][-]{subsubsection.3.3.4.26}{\376\377\0003\000.\0003\000.\0004\000.\0002\0006\000\040\000s\000e\000t\000S\000t\000a\000t\000u\000s\000C\000o\000d\000e\000\050\000\051}{subsection.3.3.4}% 64
\BOOKMARK [3][-]{subsubsection.3.3.4.27}{\376\377\0003\000.\0003\000.\0004\000.\0002\0007\000\040\000s\000e\000t\000T\000a\000r\000g\000e\000t\000\050\000\051}{subsection.3.3.4}% 65
\BOOKMARK [3][-]{subsubsection.3.3.4.28}{\376\377\0003\000.\0003\000.\0004\000.\0002\0008\000\040\000s\000e\000t\000V\000e\000r\000s\000i\000o\000n\000\050\000\051}{subsection.3.3.4}% 66
\BOOKMARK [2][-]{subsection.3.3.5}{\376\377\0003\000.\0003\000.\0005\000\040\000M\000e\000m\000b\000e\000r\000\040\000D\000a\000t\000a\000\040\000D\000o\000c\000u\000m\000e\000n\000t\000a\000t\000i\000o\000n}{section.3.3}% 67
\BOOKMARK [3][-]{subsubsection.3.3.5.1}{\376\377\0003\000.\0003\000.\0005\000.\0001\000\040\000h\000e\000a\000d\000e\000r\000s}{subsection.3.3.5}% 68
\BOOKMARK [1][-]{section.3.4}{\376\377\0003\000.\0004\000\040\000G\000h\000o\000t\000i\000:\000:\000W\000a\000v\000e\000:\000:\000P\000a\000r\000s\000e\000r\000\040\000C\000l\000a\000s\000s\000\040\000R\000e\000f\000e\000r\000e\000n\000c\000e}{chapter.3}% 69
\BOOKMARK [2][-]{subsection.3.4.1}{\376\377\0003\000.\0004\000.\0001\000\040\000D\000e\000t\000a\000i\000l\000e\000d\000\040\000D\000e\000s\000c\000r\000i\000p\000t\000i\000o\000n}{section.3.4}% 70
\BOOKMARK [2][-]{subsection.3.4.2}{\376\377\0003\000.\0004\000.\0002\000\040\000M\000e\000m\000b\000e\000r\000\040\000E\000n\000u\000m\000e\000r\000a\000t\000i\000o\000n\000\040\000D\000o\000c\000u\000m\000e\000n\000t\000a\000t\000i\000o\000n}{section.3.4}% 71
\BOOKMARK [3][-]{subsubsection.3.4.2.1}{\376\377\0003\000.\0004\000.\0002\000.\0001\000\040\000R\000e\000a\000d\000S\000t\000a\000t\000e\000M\000a\000j\000o\000r}{subsection.3.4.2}% 72
\BOOKMARK [3][-]{subsubsection.3.4.2.2}{\376\377\0003\000.\0004\000.\0002\000.\0002\000\040\000R\000e\000a\000d\000S\000t\000a\000t\000e\000M\000i\000n\000o\000r}{subsection.3.4.2}% 73
\BOOKMARK [3][-]{subsubsection.3.4.2.3}{\376\377\0003\000.\0004\000.\0002\000.\0003\000\040\000T\000y\000p\000e}{subsection.3.4.2}% 74
\BOOKMARK [2][-]{subsection.3.4.3}{\376\377\0003\000.\0004\000.\0003\000\040\000C\000o\000n\000s\000t\000r\000u\000c\000t\000o\000r\000\040\000\046\000\040\000D\000e\000s\000t\000r\000u\000c\000t\000o\000r\000\040\000D\000o\000c\000u\000m\000e\000n\000t\000a\000t\000i\000o\000n}{section.3.4}% 75
\BOOKMARK [3][-]{subsubsection.3.4.3.1}{\376\377\0003\000.\0004\000.\0003\000.\0001\000\040\000P\000a\000r\000s\000e\000r\000\050\000\051}{subsection.3.4.3}% 76
\BOOKMARK [2][-]{subsection.3.4.4}{\376\377\0003\000.\0004\000.\0004\000\040\000M\000e\000m\000b\000e\000r\000\040\000F\000u\000n\000c\000t\000i\000o\000n\000\040\000D\000o\000c\000u\000m\000e\000n\000t\000a\000t\000i\000o\000n}{section.3.4}% 77
\BOOKMARK [3][-]{subsubsection.3.4.4.1}{\376\377\0003\000.\0004\000.\0004\000.\0001\000\040\000c\000r\000e\000a\000t\000e\000N\000e\000w\000M\000e\000s\000s\000a\000g\000e\000\050\000\051}{subsection.3.4.4}% 78
\BOOKMARK [3][-]{subsubsection.3.4.4.2}{\376\377\0003\000.\0004\000.\0004\000.\0002\000\040\000p\000r\000o\000c\000e\000s\000s\000C\000h\000u\000n\000k\000\050\000\051}{subsection.3.4.4}% 79
\BOOKMARK [3][-]{subsubsection.3.4.4.3}{\376\377\0003\000.\0004\000.\0004\000.\0003\000\040\000r\000e\000g\000i\000s\000t\000e\000r\000M\000e\000s\000s\000a\000g\000e\000\050\000\051}{subsection.3.4.4}% 80
\BOOKMARK [2][-]{subsection.3.4.5}{\376\377\0003\000.\0004\000.\0005\000\040\000M\000e\000m\000b\000e\000r\000\040\000D\000a\000t\000a\000\040\000D\000o\000c\000u\000m\000e\000n\000t\000a\000t\000i\000o\000n}{section.3.4}% 81
\BOOKMARK [3][-]{subsubsection.3.4.5.1}{\376\377\0003\000.\0004\000.\0005\000.\0001\000\040\000m\000e\000s\000s\000a\000g\000e\000R\000e\000g\000i\000s\000t\000e\000r}{subsection.3.4.5}% 82
\BOOKMARK [3][-]{subsubsection.3.4.5.2}{\376\377\0003\000.\0004\000.\0005\000.\0002\000\040\000m\000e\000s\000s\000a\000g\000e\000s}{subsection.3.4.5}% 83
\BOOKMARK [1][-]{section.3.5}{\376\377\0003\000.\0005\000\040\000G\000h\000o\000t\000i\000:\000:\000W\000a\000v\000e\000:\000:\000S\000e\000r\000v\000e\000r\000\040\000C\000l\000a\000s\000s\000\040\000R\000e\000f\000e\000r\000e\000n\000c\000e}{chapter.3}% 84
\BOOKMARK [2][-]{subsection.3.5.1}{\376\377\0003\000.\0005\000.\0001\000\040\000D\000e\000t\000a\000i\000l\000e\000d\000\040\000D\000e\000s\000c\000r\000i\000p\000t\000i\000o\000n}{section.3.5}% 85
\BOOKMARK [2][-]{subsection.3.5.2}{\376\377\0003\000.\0005\000.\0002\000\040\000M\000e\000m\000b\000e\000r\000\040\000E\000n\000u\000m\000e\000r\000a\000t\000i\000o\000n\000\040\000D\000o\000c\000u\000m\000e\000n\000t\000a\000t\000i\000o\000n}{section.3.5}% 86
\BOOKMARK [3][-]{subsubsection.3.5.2.1}{\376\377\0003\000.\0005\000.\0002\000.\0001\000\040\000E\000r\000r\000o\000r\000C\000o\000d\000e}{subsection.3.5.2}% 87
\BOOKMARK [2][-]{subsection.3.5.3}{\376\377\0003\000.\0005\000.\0003\000\040\000C\000o\000n\000s\000t\000r\000u\000c\000t\000o\000r\000\040\000\046\000\040\000D\000e\000s\000t\000r\000u\000c\000t\000o\000r\000\040\000D\000o\000c\000u\000m\000e\000n\000t\000a\000t\000i\000o\000n}{section.3.5}% 88
\BOOKMARK [3][-]{subsubsection.3.5.3.1}{\376\377\0003\000.\0005\000.\0003\000.\0001\000\040\000S\000e\000r\000v\000e\000r\000\050\000\051}{subsection.3.5.3}% 89
\BOOKMARK [3][-]{subsubsection.3.5.3.2}{\376\377\0003\000.\0005\000.\0003\000.\0002\000\040\000\040\000S\000e\000r\000v\000e\000r\000\050\000\051}{subsection.3.5.3}% 90
\BOOKMARK [2][-]{subsection.3.5.4}{\376\377\0003\000.\0005\000.\0004\000\040\000M\000e\000m\000b\000e\000r\000\040\000F\000u\000n\000c\000t\000i\000o\000n\000\040\000D\000o\000c\000u\000m\000e\000n\000t\000a\000t\000i\000o\000n}{section.3.5}% 91
\BOOKMARK [3][-]{subsubsection.3.5.4.1}{\376\377\0003\000.\0005\000.\0004\000.\0001\000\040\000c\000l\000e\000a\000r\000E\000r\000r\000o\000r\000\050\000\051}{subsection.3.5.4}% 92
\BOOKMARK [3][-]{subsubsection.3.5.4.2}{\376\377\0003\000.\0005\000.\0004\000.\0002\000\040\000d\000i\000s\000p\000a\000t\000c\000h\000L\000o\000o\000p\000\050\000\051}{subsection.3.5.4}% 93
\BOOKMARK [3][-]{subsubsection.3.5.4.3}{\376\377\0003\000.\0005\000.\0004\000.\0003\000\040\000g\000e\000t\000A\000d\000d\000r\000e\000s\000s\000\050\000\051}{subsection.3.5.4}% 94
\BOOKMARK [3][-]{subsubsection.3.5.4.4}{\376\377\0003\000.\0005\000.\0004\000.\0004\000\040\000g\000e\000t\000E\000r\000r\000o\000r\000C\000o\000d\000e\000\050\000\051}{subsection.3.5.4}% 95
\BOOKMARK [3][-]{subsubsection.3.5.4.5}{\376\377\0003\000.\0005\000.\0004\000.\0005\000\040\000g\000e\000t\000E\000r\000r\000o\000r\000M\000e\000s\000s\000a\000g\000e\000\050\000\051}{subsection.3.5.4}% 96
\BOOKMARK [3][-]{subsubsection.3.5.4.6}{\376\377\0003\000.\0005\000.\0004\000.\0006\000\040\000g\000e\000t\000P\000o\000r\000t\000\050\000\051}{subsection.3.5.4}% 97
\BOOKMARK [3][-]{subsubsection.3.5.4.7}{\376\377\0003\000.\0005\000.\0004\000.\0007\000\040\000g\000e\000t\000S\000o\000c\000k\000e\000t\000H\000a\000n\000d\000l\000e\000\050\000\051}{subsection.3.5.4}% 98
\BOOKMARK [3][-]{subsubsection.3.5.4.8}{\376\377\0003\000.\0005\000.\0004\000.\0008\000\040\000i\000s\000R\000u\000n\000n\000i\000n\000g\000\050\000\051}{subsection.3.5.4}% 99
\BOOKMARK [3][-]{subsubsection.3.5.4.9}{\376\377\0003\000.\0005\000.\0004\000.\0009\000\040\000s\000e\000t\000A\000d\000d\000r\000e\000s\000s\000\050\000\051}{subsection.3.5.4}% 100
\BOOKMARK [3][-]{subsubsection.3.5.4.10}{\376\377\0003\000.\0005\000.\0004\000.\0001\0000\000\040\000s\000e\000t\000P\000o\000r\000t\000\050\000\051}{subsection.3.5.4}% 101
\BOOKMARK [3][-]{subsubsection.3.5.4.11}{\376\377\0003\000.\0005\000.\0004\000.\0001\0001\000\040\000s\000t\000a\000r\000t\000\050\000\051}{subsection.3.5.4}% 102
\BOOKMARK [3][-]{subsubsection.3.5.4.12}{\376\377\0003\000.\0005\000.\0004\000.\0001\0002\000\040\000s\000t\000o\000p\000\050\000\051}{subsection.3.5.4}% 103
\BOOKMARK [2][-]{subsection.3.5.5}{\376\377\0003\000.\0005\000.\0005\000\040\000M\000e\000m\000b\000e\000r\000\040\000D\000a\000t\000a\000\040\000D\000o\000c\000u\000m\000e\000n\000t\000a\000t\000i\000o\000n}{section.3.5}% 104
\BOOKMARK [3][-]{subsubsection.3.5.5.1}{\376\377\0003\000.\0005\000.\0005\000.\0001\000\040\000s\000e\000s\000s\000i\000o\000n\000s}{subsection.3.5.5}% 105
\BOOKMARK [1][-]{section.3.6}{\376\377\0003\000.\0006\000\040\000G\000h\000o\000t\000i\000:\000:\000W\000a\000v\000e\000:\000:\000S\000e\000r\000v\000e\000r\000S\000e\000s\000s\000i\000o\000n\000\040\000C\000l\000a\000s\000s\000\040\000R\000e\000f\000e\000r\000e\000n\000c\000e}{chapter.3}% 106
\BOOKMARK [2][-]{subsection.3.6.1}{\376\377\0003\000.\0006\000.\0001\000\040\000D\000e\000t\000a\000i\000l\000e\000d\000\040\000D\000e\000s\000c\000r\000i\000p\000t\000i\000o\000n}{section.3.6}% 107
\BOOKMARK [2][-]{subsection.3.6.2}{\376\377\0003\000.\0006\000.\0002\000\040\000C\000o\000n\000s\000t\000r\000u\000c\000t\000o\000r\000\040\000\046\000\040\000D\000e\000s\000t\000r\000u\000c\000t\000o\000r\000\040\000D\000o\000c\000u\000m\000e\000n\000t\000a\000t\000i\000o\000n}{section.3.6}% 108
\BOOKMARK [3][-]{subsubsection.3.6.2.1}{\376\377\0003\000.\0006\000.\0002\000.\0001\000\040\000S\000e\000r\000v\000e\000r\000S\000e\000s\000s\000i\000o\000n\000\050\000\051}{subsection.3.6.2}% 109
\BOOKMARK [2][-]{subsection.3.6.3}{\376\377\0003\000.\0006\000.\0003\000\040\000M\000e\000m\000b\000e\000r\000\040\000F\000u\000n\000c\000t\000i\000o\000n\000\040\000D\000o\000c\000u\000m\000e\000n\000t\000a\000t\000i\000o\000n}{section.3.6}% 110
\BOOKMARK [3][-]{subsubsection.3.6.3.1}{\376\377\0003\000.\0006\000.\0003\000.\0001\000\040\000h\000a\000s\000R\000e\000a\000d\000D\000a\000t\000a\000W\000a\000i\000t\000i\000n\000g\000\050\000\051}{subsection.3.6.3}% 111
\BOOKMARK [3][-]{subsubsection.3.6.3.2}{\376\377\0003\000.\0006\000.\0003\000.\0002\000\040\000h\000a\000s\000W\000r\000i\000t\000e\000D\000a\000t\000a\000W\000a\000i\000t\000i\000n\000g\000\050\000\051}{subsection.3.6.3}% 112
\BOOKMARK [3][-]{subsubsection.3.6.3.3}{\376\377\0003\000.\0006\000.\0003\000.\0003\000\040\000i\000s\000F\000i\000n\000i\000s\000h\000e\000d\000\050\000\051}{subsection.3.6.3}% 113
\BOOKMARK [3][-]{subsubsection.3.6.3.4}{\376\377\0003\000.\0006\000.\0003\000.\0004\000\040\000r\000e\000a\000d\000\050\000\051}{subsection.3.6.3}% 114
\BOOKMARK [3][-]{subsubsection.3.6.3.5}{\376\377\0003\000.\0006\000.\0003\000.\0005\000\040\000w\000r\000i\000t\000e\000\050\000\051}{subsection.3.6.3}% 115
\BOOKMARK [2][-]{subsection.3.6.4}{\376\377\0003\000.\0006\000.\0004\000\040\000M\000e\000m\000b\000e\000r\000\040\000D\000a\000t\000a\000\040\000D\000o\000c\000u\000m\000e\000n\000t\000a\000t\000i\000o\000n}{section.3.6}% 116
\BOOKMARK [3][-]{subsubsection.3.6.4.1}{\376\377\0003\000.\0006\000.\0004\000.\0001\000\040\000m\000e\000s\000s\000a\000g\000e\000s}{subsection.3.6.4}% 117
\BOOKMARK [0][-]{chapter.4}{\376\377\0004\000\040\000F\000i\000l\000e\000\040\000D\000o\000c\000u\000m\000e\000n\000t\000a\000t\000i\000o\000n}{}% 118
\BOOKMARK [1][-]{section.4.1}{\376\377\0004\000.\0001\000\040\000i\000n\000c\000l\000u\000d\000e\000/\000w\000a\000v\000e\000.\000h\000p\000p\000\040\000F\000i\000l\000e\000\040\000R\000e\000f\000e\000r\000e\000n\000c\000e}{chapter.4}% 119
\BOOKMARK [2][-]{subsection.4.1.1}{\376\377\0004\000.\0001\000.\0001\000\040\000D\000e\000t\000a\000i\000l\000e\000d\000\040\000D\000e\000s\000c\000r\000i\000p\000t\000i\000o\000n}{section.4.1}% 120
\BOOKMARK [1][-]{section.4.2}{\376\377\0004\000.\0002\000\040\000i\000n\000c\000l\000u\000d\000e\000/\000w\000a\000v\000e\000/\000c\000l\000i\000e\000n\000t\000.\000h\000p\000p\000\040\000F\000i\000l\000e\000\040\000R\000e\000f\000e\000r\000e\000n\000c\000e}{chapter.4}% 121
\BOOKMARK [2][-]{subsection.4.2.1}{\376\377\0004\000.\0002\000.\0001\000\040\000D\000e\000t\000a\000i\000l\000e\000d\000\040\000D\000e\000s\000c\000r\000i\000p\000t\000i\000o\000n}{section.4.2}% 122
\BOOKMARK [1][-]{section.4.3}{\376\377\0004\000.\0003\000\040\000i\000n\000c\000l\000u\000d\000e\000/\000w\000a\000v\000e\000/\000c\000l\000i\000e\000n\000t\000S\000e\000s\000s\000i\000o\000n\000.\000h\000p\000p\000\040\000F\000i\000l\000e\000\040\000R\000e\000f\000e\000r\000e\000n\000c\000e}{chapter.4}% 123
\BOOKMARK [2][-]{subsection.4.3.1}{\376\377\0004\000.\0003\000.\0001\000\040\000D\000e\000t\000a\000i\000l\000e\000d\000\040\000D\000e\000s\000c\000r\000i\000p\000t\000i\000o\000n}{section.4.3}% 124
\BOOKMARK [1][-]{section.4.4}{\376\377\0004\000.\0004\000\040\000i\000n\000c\000l\000u\000d\000e\000/\000w\000a\000v\000e\000/\000m\000a\000c\000r\000o\000s\000.\000h\000p\000p\000\040\000F\000i\000l\000e\000\040\000R\000e\000f\000e\000r\000e\000n\000c\000e}{chapter.4}% 125
\BOOKMARK [2][-]{subsection.4.4.1}{\376\377\0004\000.\0004\000.\0001\000\040\000D\000e\000t\000a\000i\000l\000e\000d\000\040\000D\000e\000s\000c\000r\000i\000p\000t\000i\000o\000n}{section.4.4}% 126
\BOOKMARK [1][-]{section.4.5}{\376\377\0004\000.\0005\000\040\000i\000n\000c\000l\000u\000d\000e\000/\000w\000a\000v\000e\000/\000m\000e\000s\000s\000a\000g\000e\000.\000h\000p\000p\000\040\000F\000i\000l\000e\000\040\000R\000e\000f\000e\000r\000e\000n\000c\000e}{chapter.4}% 127
\BOOKMARK [2][-]{subsection.4.5.1}{\376\377\0004\000.\0005\000.\0001\000\040\000D\000e\000t\000a\000i\000l\000e\000d\000\040\000D\000e\000s\000c\000r\000i\000p\000t\000i\000o\000n}{section.4.5}% 128
\BOOKMARK [2][-]{subsection.4.5.2}{\376\377\0004\000.\0005\000.\0002\000\040\000F\000u\000n\000c\000t\000i\000o\000n\000\040\000D\000o\000c\000u\000m\000e\000n\000t\000a\000t\000i\000o\000n}{section.4.5}% 129
\BOOKMARK [3][-]{subsubsection.4.5.2.1}{\376\377\0004\000.\0005\000.\0002\000.\0001\000\040\000o\000p\000e\000r\000a\000t\000o\000r\000<\000<\000\050\000\051}{subsection.4.5.2}% 130
\BOOKMARK [1][-]{section.4.6}{\376\377\0004\000.\0006\000\040\000i\000n\000c\000l\000u\000d\000e\000/\000w\000a\000v\000e\000/\000p\000a\000r\000s\000e\000r\000.\000h\000p\000p\000\040\000F\000i\000l\000e\000\040\000R\000e\000f\000e\000r\000e\000n\000c\000e}{chapter.4}% 131
\BOOKMARK [2][-]{subsection.4.6.1}{\376\377\0004\000.\0006\000.\0001\000\040\000D\000e\000t\000a\000i\000l\000e\000d\000\040\000D\000e\000s\000c\000r\000i\000p\000t\000i\000o\000n}{section.4.6}% 132
\BOOKMARK [1][-]{section.4.7}{\376\377\0004\000.\0007\000\040\000i\000n\000c\000l\000u\000d\000e\000/\000w\000a\000v\000e\000/\000p\000a\000r\000s\000i\000n\000g\000.\000h\000p\000p\000\040\000F\000i\000l\000e\000\040\000R\000e\000f\000e\000r\000e\000n\000c\000e}{chapter.4}% 133
\BOOKMARK [2][-]{subsection.4.7.1}{\376\377\0004\000.\0007\000.\0001\000\040\000D\000e\000t\000a\000i\000l\000e\000d\000\040\000D\000e\000s\000c\000r\000i\000p\000t\000i\000o\000n}{section.4.7}% 134
\BOOKMARK [2][-]{subsection.4.7.2}{\376\377\0004\000.\0007\000.\0002\000\040\000F\000u\000n\000c\000t\000i\000o\000n\000\040\000D\000o\000c\000u\000m\000e\000n\000t\000a\000t\000i\000o\000n}{section.4.7}% 135
\BOOKMARK [3][-]{subsubsection.4.7.2.1}{\376\377\0004\000.\0007\000.\0002\000.\0001\000\040\000f\000i\000e\000l\000d\000V\000a\000l\000u\000e\000E\000s\000c\000a\000p\000e\000\050\000\051}{subsection.4.7.2}% 136
\BOOKMARK [3][-]{subsubsection.4.7.2.2}{\376\377\0004\000.\0007\000.\0002\000.\0002\000\040\000f\000i\000e\000l\000d\000V\000a\000l\000u\000e\000Q\000u\000o\000t\000e\000s\000N\000e\000e\000d\000e\000d\000\050\000\051}{subsection.4.7.2}% 137
\BOOKMARK [3][-]{subsubsection.4.7.2.3}{\376\377\0004\000.\0007\000.\0002\000.\0003\000\040\000i\000s\000C\000R\000L\000F\000C\000h\000a\000r\000\050\000\051}{subsection.4.7.2}% 138
\BOOKMARK [3][-]{subsubsection.4.7.2.4}{\376\377\0004\000.\0007\000.\0002\000.\0004\000\040\000i\000s\000F\000i\000e\000l\000d\000C\000o\000n\000t\000e\000n\000t\000C\000h\000a\000r\000\050\000\051}{subsection.4.7.2}% 139
\BOOKMARK [3][-]{subsubsection.4.7.2.5}{\376\377\0004\000.\0007\000.\0002\000.\0005\000\040\000i\000s\000F\000i\000e\000l\000d\000N\000a\000m\000e\000C\000h\000a\000r\000\050\000\051}{subsection.4.7.2}% 140
\BOOKMARK [3][-]{subsubsection.4.7.2.6}{\376\377\0004\000.\0007\000.\0002\000.\0006\000\040\000i\000s\000L\000i\000s\000t\000F\000i\000e\000l\000d\000\050\000\051}{subsection.4.7.2}% 141
\BOOKMARK [3][-]{subsubsection.4.7.2.7}{\376\377\0004\000.\0007\000.\0002\000.\0007\000\040\000i\000s\000O\000b\000s\000o\000l\000e\000t\000e\000T\000e\000x\000t\000C\000h\000a\000r\000\050\000\051}{subsection.4.7.2}% 142
\BOOKMARK [3][-]{subsubsection.4.7.2.8}{\376\377\0004\000.\0007\000.\0002\000.\0008\000\040\000i\000s\000Q\000u\000o\000t\000e\000d\000C\000h\000a\000r\000\050\000\051}{subsection.4.7.2}% 143
\BOOKMARK [3][-]{subsubsection.4.7.2.9}{\376\377\0004\000.\0007\000.\0002\000.\0009\000\040\000i\000s\000T\000o\000k\000e\000n\000C\000h\000a\000r\000\050\000\051}{subsection.4.7.2}% 144
\BOOKMARK [3][-]{subsubsection.4.7.2.10}{\376\377\0004\000.\0007\000.\0002\000.\0001\0000\000\040\000i\000s\000V\000i\000s\000i\000b\000l\000e\000C\000h\000a\000r\000\050\000\051}{subsection.4.7.2}% 145
\BOOKMARK [3][-]{subsubsection.4.7.2.11}{\376\377\0004\000.\0007\000.\0002\000.\0001\0001\000\040\000i\000s\000W\000h\000i\000t\000e\000s\000p\000a\000c\000e\000C\000h\000a\000r\000\050\000\051}{subsection.4.7.2}% 146
\BOOKMARK [1][-]{section.4.8}{\376\377\0004\000.\0008\000\040\000i\000n\000c\000l\000u\000d\000e\000/\000w\000a\000v\000e\000/\000r\000e\000s\000p\000o\000n\000s\000e\000.\000h\000p\000p\000\040\000F\000i\000l\000e\000\040\000R\000e\000f\000e\000r\000e\000n\000c\000e}{chapter.4}% 147
\BOOKMARK [2][-]{subsection.4.8.1}{\376\377\0004\000.\0008\000.\0001\000\040\000D\000e\000t\000a\000i\000l\000e\000d\000\040\000D\000e\000s\000c\000r\000i\000p\000t\000i\000o\000n}{section.4.8}% 148
\BOOKMARK [1][-]{section.4.9}{\376\377\0004\000.\0009\000\040\000i\000n\000c\000l\000u\000d\000e\000/\000w\000a\000v\000e\000/\000s\000e\000r\000v\000e\000r\000.\000h\000p\000p\000\040\000F\000i\000l\000e\000\040\000R\000e\000f\000e\000r\000e\000n\000c\000e}{chapter.4}% 149
\BOOKMARK [2][-]{subsection.4.9.1}{\376\377\0004\000.\0009\000.\0001\000\040\000D\000e\000t\000a\000i\000l\000e\000d\000\040\000D\000e\000s\000c\000r\000i\000p\000t\000i\000o\000n}{section.4.9}% 150
\BOOKMARK [1][-]{section.4.10}{\376\377\0004\000.\0001\0000\000\040\000i\000n\000c\000l\000u\000d\000e\000/\000w\000a\000v\000e\000/\000s\000e\000r\000v\000e\000r\000S\000e\000s\000s\000i\000o\000n\000.\000h\000p\000p\000\040\000F\000i\000l\000e\000\040\000R\000e\000f\000e\000r\000e\000n\000c\000e}{chapter.4}% 151
\BOOKMARK [2][-]{subsection.4.10.1}{\376\377\0004\000.\0001\0000\000.\0001\000\040\000D\000e\000t\000a\000i\000l\000e\000d\000\040\000D\000e\000s\000c\000r\000i\000p\000t\000i\000o\000n}{section.4.10}% 152
\BOOKMARK [1][-]{section.4.11}{\376\377\0004\000.\0001\0001\000\040\000s\000r\000c\000/\000c\000l\000i\000e\000n\000t\000.\000c\000p\000p\000\040\000F\000i\000l\000e\000\040\000R\000e\000f\000e\000r\000e\000n\000c\000e}{chapter.4}% 153
\BOOKMARK [2][-]{subsection.4.11.1}{\376\377\0004\000.\0001\0001\000.\0001\000\040\000D\000e\000t\000a\000i\000l\000e\000d\000\040\000D\000e\000s\000c\000r\000i\000p\000t\000i\000o\000n}{section.4.11}% 154
\BOOKMARK [1][-]{section.4.12}{\376\377\0004\000.\0001\0002\000\040\000s\000r\000c\000/\000c\000l\000i\000e\000n\000t\000S\000e\000s\000s\000i\000o\000n\000.\000c\000p\000p\000\040\000F\000i\000l\000e\000\040\000R\000e\000f\000e\000r\000e\000n\000c\000e}{chapter.4}% 155
\BOOKMARK [2][-]{subsection.4.12.1}{\376\377\0004\000.\0001\0002\000.\0001\000\040\000D\000e\000t\000a\000i\000l\000e\000d\000\040\000D\000e\000s\000c\000r\000i\000p\000t\000i\000o\000n}{section.4.12}% 156
\BOOKMARK [1][-]{section.4.13}{\376\377\0004\000.\0001\0003\000\040\000s\000r\000c\000/\000m\000e\000s\000s\000a\000g\000e\000.\000c\000p\000p\000\040\000F\000i\000l\000e\000\040\000R\000e\000f\000e\000r\000e\000n\000c\000e}{chapter.4}% 157
\BOOKMARK [2][-]{subsection.4.13.1}{\376\377\0004\000.\0001\0003\000.\0001\000\040\000D\000e\000t\000a\000i\000l\000e\000d\000\040\000D\000e\000s\000c\000r\000i\000p\000t\000i\000o\000n}{section.4.13}% 158
\BOOKMARK [1][-]{section.4.14}{\376\377\0004\000.\0001\0004\000\040\000s\000r\000c\000/\000p\000a\000r\000s\000e\000r\000.\000c\000p\000p\000\040\000F\000i\000l\000e\000\040\000R\000e\000f\000e\000r\000e\000n\000c\000e}{chapter.4}% 159
\BOOKMARK [2][-]{subsection.4.14.1}{\376\377\0004\000.\0001\0004\000.\0001\000\040\000D\000e\000t\000a\000i\000l\000e\000d\000\040\000D\000e\000s\000c\000r\000i\000p\000t\000i\000o\000n}{section.4.14}% 160
\BOOKMARK [2][-]{subsection.4.14.2}{\376\377\0004\000.\0001\0004\000.\0002\000\040\000M\000a\000c\000r\000o\000\040\000D\000e\000f\000i\000n\000i\000t\000i\000o\000n\000\040\000D\000o\000c\000u\000m\000e\000n\000t\000a\000t\000i\000o\000n}{section.4.14}% 161
\BOOKMARK [3][-]{subsubsection.4.14.2.1}{\376\377\0004\000.\0001\0004\000.\0002\000.\0001\000\040\000R\000E\000A\000D\000\137\000C\000R\000L\000F\000\137\000O\000P\000T\000I\000O\000N\000A\000L}{subsection.4.14.2}% 162
\BOOKMARK [3][-]{subsubsection.4.14.2.2}{\376\377\0004\000.\0001\0004\000.\0002\000.\0002\000\040\000R\000E\000A\000D\000\137\000C\000R\000L\000F\000\137\000R\000E\000Q\000U\000I\000R\000E\000D}{subsection.4.14.2}% 163
\BOOKMARK [3][-]{subsubsection.4.14.2.3}{\376\377\0004\000.\0001\0004\000.\0002\000.\0003\000\040\000R\000E\000A\000D\000\137\000W\000H\000I\000T\000E\000S\000P\000A\000C\000E\000\137\000O\000P\000T\000I\000O\000N\000A\000L}{subsection.4.14.2}% 164
\BOOKMARK [3][-]{subsubsection.4.14.2.4}{\376\377\0004\000.\0001\0004\000.\0002\000.\0004\000\040\000R\000E\000A\000D\000\137\000W\000H\000I\000T\000E\000S\000P\000A\000C\000E\000\137\000R\000E\000Q\000U\000I\000R\000E\000D}{subsection.4.14.2}% 165
\BOOKMARK [3][-]{subsubsection.4.14.2.5}{\376\377\0004\000.\0001\0004\000.\0002\000.\0005\000\040\000S\000E\000T\000\137\000M\000A\000J\000O\000R\000\137\000S\000T\000A\000T\000E}{subsection.4.14.2}% 166
\BOOKMARK [3][-]{subsubsection.4.14.2.6}{\376\377\0004\000.\0001\0004\000.\0002\000.\0006\000\040\000S\000E\000T\000\137\000M\000I\000N\000O\000R\000\137\000S\000T\000A\000T\000E}{subsection.4.14.2}% 167
\BOOKMARK [3][-]{subsubsection.4.14.2.7}{\376\377\0004\000.\0001\0004\000.\0002\000.\0007\000\040\000S\000E\000T\000\137\000N\000E\000W\000\137\000H\000E\000A\000D\000E\000R}{subsection.4.14.2}% 168
\BOOKMARK [1][-]{section.4.15}{\376\377\0004\000.\0001\0005\000\040\000s\000r\000c\000/\000p\000a\000r\000s\000i\000n\000g\000.\000c\000p\000p\000\040\000F\000i\000l\000e\000\040\000R\000e\000f\000e\000r\000e\000n\000c\000e}{chapter.4}% 169
\BOOKMARK [2][-]{subsection.4.15.1}{\376\377\0004\000.\0001\0005\000.\0001\000\040\000D\000e\000t\000a\000i\000l\000e\000d\000\040\000D\000e\000s\000c\000r\000i\000p\000t\000i\000o\000n}{section.4.15}% 170
\BOOKMARK [2][-]{subsection.4.15.2}{\376\377\0004\000.\0001\0005\000.\0002\000\040\000F\000u\000n\000c\000t\000i\000o\000n\000\040\000D\000o\000c\000u\000m\000e\000n\000t\000a\000t\000i\000o\000n}{section.4.15}% 171
\BOOKMARK [3][-]{subsubsection.4.15.2.1}{\376\377\0004\000.\0001\0005\000.\0002\000.\0001\000\040\000f\000i\000e\000l\000d\000V\000a\000l\000u\000e\000E\000s\000c\000a\000p\000e\000\050\000\051}{subsection.4.15.2}% 172
\BOOKMARK [3][-]{subsubsection.4.15.2.2}{\376\377\0004\000.\0001\0005\000.\0002\000.\0002\000\040\000f\000i\000e\000l\000d\000V\000a\000l\000u\000e\000Q\000u\000o\000t\000e\000s\000N\000e\000e\000d\000e\000d\000\050\000\051}{subsection.4.15.2}% 173
\BOOKMARK [3][-]{subsubsection.4.15.2.3}{\376\377\0004\000.\0001\0005\000.\0002\000.\0003\000\040\000i\000s\000C\000R\000L\000F\000C\000h\000a\000r\000\050\000\051}{subsection.4.15.2}% 174
\BOOKMARK [3][-]{subsubsection.4.15.2.4}{\376\377\0004\000.\0001\0005\000.\0002\000.\0004\000\040\000i\000s\000F\000i\000e\000l\000d\000C\000o\000n\000t\000e\000n\000t\000C\000h\000a\000r\000\050\000\051}{subsection.4.15.2}% 175
\BOOKMARK [3][-]{subsubsection.4.15.2.5}{\376\377\0004\000.\0001\0005\000.\0002\000.\0005\000\040\000i\000s\000F\000i\000e\000l\000d\000N\000a\000m\000e\000C\000h\000a\000r\000\050\000\051}{subsection.4.15.2}% 176
\BOOKMARK [3][-]{subsubsection.4.15.2.6}{\376\377\0004\000.\0001\0005\000.\0002\000.\0006\000\040\000i\000s\000L\000i\000s\000t\000F\000i\000e\000l\000d\000\050\000\051}{subsection.4.15.2}% 177
\BOOKMARK [3][-]{subsubsection.4.15.2.7}{\376\377\0004\000.\0001\0005\000.\0002\000.\0007\000\040\000i\000s\000O\000b\000s\000o\000l\000e\000t\000e\000T\000e\000x\000t\000C\000h\000a\000r\000\050\000\051}{subsection.4.15.2}% 178
\BOOKMARK [3][-]{subsubsection.4.15.2.8}{\376\377\0004\000.\0001\0005\000.\0002\000.\0008\000\040\000i\000s\000Q\000u\000o\000t\000e\000d\000C\000h\000a\000r\000\050\000\051}{subsection.4.15.2}% 179
\BOOKMARK [3][-]{subsubsection.4.15.2.9}{\376\377\0004\000.\0001\0005\000.\0002\000.\0009\000\040\000i\000s\000T\000o\000k\000e\000n\000C\000h\000a\000r\000\050\000\051}{subsection.4.15.2}% 180
\BOOKMARK [3][-]{subsubsection.4.15.2.10}{\376\377\0004\000.\0001\0005\000.\0002\000.\0001\0000\000\040\000i\000s\000V\000i\000s\000i\000b\000l\000e\000C\000h\000a\000r\000\050\000\051}{subsection.4.15.2}% 181
\BOOKMARK [3][-]{subsubsection.4.15.2.11}{\376\377\0004\000.\0001\0005\000.\0002\000.\0001\0001\000\040\000i\000s\000W\000h\000i\000t\000e\000s\000p\000a\000c\000e\000C\000h\000a\000r\000\050\000\051}{subsection.4.15.2}% 182
\BOOKMARK [1][-]{section.4.16}{\376\377\0004\000.\0001\0006\000\040\000s\000r\000c\000/\000r\000e\000s\000p\000o\000n\000s\000e\000.\000c\000p\000p\000\040\000F\000i\000l\000e\000\040\000R\000e\000f\000e\000r\000e\000n\000c\000e}{chapter.4}% 183
\BOOKMARK [2][-]{subsection.4.16.1}{\376\377\0004\000.\0001\0006\000.\0001\000\040\000D\000e\000t\000a\000i\000l\000e\000d\000\040\000D\000e\000s\000c\000r\000i\000p\000t\000i\000o\000n}{section.4.16}% 184
\BOOKMARK [1][-]{section.4.17}{\376\377\0004\000.\0001\0007\000\040\000s\000r\000c\000/\000s\000e\000r\000v\000e\000r\000.\000c\000p\000p\000\040\000F\000i\000l\000e\000\040\000R\000e\000f\000e\000r\000e\000n\000c\000e}{chapter.4}% 185
\BOOKMARK [2][-]{subsection.4.17.1}{\376\377\0004\000.\0001\0007\000.\0001\000\040\000D\000e\000t\000a\000i\000l\000e\000d\000\040\000D\000e\000s\000c\000r\000i\000p\000t\000i\000o\000n}{section.4.17}% 186
\BOOKMARK [1][-]{section.4.18}{\376\377\0004\000.\0001\0008\000\040\000s\000r\000c\000/\000s\000e\000r\000v\000e\000r\000S\000e\000s\000s\000i\000o\000n\000.\000c\000p\000p\000\040\000F\000i\000l\000e\000\040\000R\000e\000f\000e\000r\000e\000n\000c\000e}{chapter.4}% 187
\BOOKMARK [2][-]{subsection.4.18.1}{\376\377\0004\000.\0001\0008\000.\0001\000\040\000D\000e\000t\000a\000i\000l\000e\000d\000\040\000D\000e\000s\000c\000r\000i\000p\000t\000i\000o\000n}{section.4.18}% 188
\BOOKMARK [1][-]{section.4.19}{\376\377\0004\000.\0001\0009\000\040\000t\000e\000s\000t\000/\000t\000e\000s\000t\000.\000c\000p\000p\000\040\000F\000i\000l\000e\000\040\000R\000e\000f\000e\000r\000e\000n\000c\000e}{chapter.4}% 189
\BOOKMARK [2][-]{subsection.4.19.1}{\376\377\0004\000.\0001\0009\000.\0001\000\040\000D\000e\000t\000a\000i\000l\000e\000d\000\040\000D\000e\000s\000c\000r\000i\000p\000t\000i\000o\000n}{section.4.19}% 190
\BOOKMARK [0][-]{section*.93}{\376\377\000I\000n\000d\000e\000x}{}% 191
